[debug] [2021-03-09T06:15:14.055Z] ----------------------------------------------------------------------
[debug] [2021-03-09T06:15:14.057Z] Command:       C:\Program Files\nodejs\node.exe C:\Users\dell\AppData\Roaming\npm\node_modules\firebase-tools\lib\bin\firebase.js serve
[debug] [2021-03-09T06:15:14.057Z] CLI Version:   9.6.0
[debug] [2021-03-09T06:15:14.057Z] Platform:      win32
[debug] [2021-03-09T06:15:14.057Z] Node Version:  v14.5.0
[debug] [2021-03-09T06:15:14.059Z] Time:          Tue Mar 09 2021 11:45:14 GMT+0530 (India Standard Time)
[debug] [2021-03-09T06:15:14.059Z] ----------------------------------------------------------------------
[debug] [2021-03-09T06:15:14.059Z] 
[debug] [2021-03-09T06:15:14.068Z] > command requires scopes: ["email","openid","https://www.googleapis.com/auth/cloudplatformprojects.readonly","https://www.googleapis.com/auth/firebase","https://www.googleapis.com/auth/cloud-platform"]
[debug] [2021-03-09T06:15:14.068Z] > authorizing via signed-in user
[debug] [2021-03-09T06:15:14.069Z] [iam] checking project todoapp-d3265 for permissions ["firebase.projects.get"]
[debug] [2021-03-09T06:15:14.071Z] >>> HTTP REQUEST POST https://cloudresourcemanager.googleapis.com/v1/projects/todoapp-d3265:testIamPermissions  
 {"permissions":["firebase.projects.get"]}
[debug] [2021-03-09T06:15:15.773Z] <<< HTTP RESPONSE 200 {"content-type":"application/json; charset=UTF-8","vary":"X-Origin, Referer, Origin,Accept-Encoding","date":"Tue, 09 Mar 2021 06:15:15 GMT","server":"ESF","cache-control":"private","x-xss-protection":"0","x-frame-options":"SAMEORIGIN","x-content-type-options":"nosniff","server-timing":"gfet4t7; dur=1374","alt-svc":"h3-29=\":443\"; ma=2592000,h3-T051=\":443\"; ma=2592000,h3-Q050=\":443\"; ma=2592000,h3-Q046=\":443\"; ma=2592000,h3-Q043=\":443\"; ma=2592000,quic=\":443\"; ma=2592000; v=\"46,43\"","accept-ranges":"none","transfer-encoding":"chunked"}
[debug] [2021-03-09T06:15:15.781Z] > refreshing access token with scopes: []
[debug] [2021-03-09T06:15:15.782Z] >>> HTTP REQUEST POST https://www.googleapis.com/oauth2/v3/token  
 <request body omitted>
[debug] [2021-03-09T06:15:16.128Z] <<< HTTP RESPONSE 200 {"cache-control":"no-cache, no-store, max-age=0, must-revalidate","pragma":"no-cache","expires":"Mon, 01 Jan 1990 00:00:00 GMT","date":"Tue, 09 Mar 2021 06:15:16 GMT","content-type":"application/json; charset=utf-8","vary":"X-Origin, Referer, Origin,Accept-Encoding","server":"scaffolding on HTTPServer2","x-xss-protection":"0","x-frame-options":"SAMEORIGIN","x-content-type-options":"nosniff","alt-svc":"h3-29=\":443\"; ma=2592000,h3-T051=\":443\"; ma=2592000,h3-Q050=\":443\"; ma=2592000,h3-Q046=\":443\"; ma=2592000,h3-Q043=\":443\"; ma=2592000,quic=\":443\"; ma=2592000; v=\"46,43\"","accept-ranges":"none","transfer-encoding":"chunked"}
[debug] [2021-03-09T06:15:16.488Z] >>> [apiv2][query] GET https://firebase.googleapis.com/v1beta1/projects/todoapp-d3265 [none]
[debug] [2021-03-09T06:15:16.969Z] <<< [apiv2][status] GET https://firebase.googleapis.com/v1beta1/projects/todoapp-d3265 200
[debug] [2021-03-09T06:15:16.970Z] <<< [apiv2][body] GET https://firebase.googleapis.com/v1beta1/projects/todoapp-d3265 {"projectId":"todoapp-d3265","projectNumber":"1045899152347","displayName":"TodoApp","name":"projects/todoapp-d3265","resources":{"hostingSite":"todoapp-d3265","realtimeDatabaseInstance":"todoapp-d3265-default-rtdb","storageBucket":"todoapp-d3265.appspot.com","locationId":"us-central"},"state":"ACTIVE"}
[info] 
[info] === Serving from 'D:\TodoList\my-app'...
[info] 
[warn] !  Your requested "node" version "12" doesn't match your global version "14" {"metadata":{"emulator":{"name":"functions"},"message":"Your requested \"node\" version \"12\" doesn't match your global version \"14\""}}
[debug] [2021-03-09T06:15:19.139Z] defaultcredentials: writing to file C:\Users\dell\AppData\Roaming\firebase\prajapatrahul05_gmail_com_application_default_credentials.json
[debug] [2021-03-09T06:15:19.146Z] Setting GAC to C:\Users\dell\AppData\Roaming\firebase\prajapatrahul05_gmail_com_application_default_credentials.json {"metadata":{"emulator":{"name":"functions"},"message":"Setting GAC to C:\\Users\\dell\\AppData\\Roaming\\firebase\\prajapatrahul05_gmail_com_application_default_credentials.json"}}
[debug] [2021-03-09T06:15:19.149Z] >>> [apiv2][query] GET https://firebase.googleapis.com/v1beta1/projects/todoapp-d3265/adminSdkConfig [none]
[debug] [2021-03-09T06:15:19.866Z] <<< [apiv2][status] GET https://firebase.googleapis.com/v1beta1/projects/todoapp-d3265/adminSdkConfig 200
[debug] [2021-03-09T06:15:19.867Z] <<< [apiv2][body] GET https://firebase.googleapis.com/v1beta1/projects/todoapp-d3265/adminSdkConfig {"projectId":"todoapp-d3265","databaseURL":"https://todoapp-d3265-default-rtdb.firebaseio.com","storageBucket":"todoapp-d3265.appspot.com","locationId":"us-central"}
[info] i  functions: Watching "D:\TodoList\my-app\functions" for Cloud Functions... {"metadata":{"emulator":{"name":"functions"},"message":"Watching \"D:\\TodoList\\my-app\\functions\" for Cloud Functions..."}}
[debug] [2021-03-09T06:15:21.763Z] [worker-pool] addWorker(~diagnostic~) {"metadata":{"emulator":{"name":"functions"},"message":"[worker-pool] addWorker(~diagnostic~)"}}
[debug] [2021-03-09T06:15:21.765Z] [worker-pool] Adding worker with key ~diagnostic~, total=1 {"metadata":{"emulator":{"name":"functions"},"message":"[worker-pool] Adding worker with key ~diagnostic~, total=1"}}
[debug] [2021-03-09T06:15:21.765Z] [worker-pool] submitWork(triggerId=) {"metadata":{"emulator":{"name":"functions"},"message":"[worker-pool] submitWork(triggerId=)"}}
[debug] [2021-03-09T06:15:21.767Z] [worker-~diagnostic~-a5cdbfc9-9e20-491b-9e79-c9dab4d20222]: Assigning socketPath: \\?\pipe\D:\TodoList\my-app\functions\15900 {"metadata":{"emulator":{"name":"functions"},"message":"[worker-~diagnostic~-a5cdbfc9-9e20-491b-9e79-c9dab4d20222]: Assigning socketPath: \\\\?\\pipe\\D:\\TodoList\\my-app\\functions\\15900"}}
[debug] [2021-03-09T06:15:21.768Z] [worker-~diagnostic~-a5cdbfc9-9e20-491b-9e79-c9dab4d20222]: BUSY {"metadata":{"emulator":{"name":"functions"},"message":"[worker-~diagnostic~-a5cdbfc9-9e20-491b-9e79-c9dab4d20222]: BUSY"}}
[debug] [2021-03-09T06:15:22.404Z] [runtime-status] [15900] Functions runtime initialized. {"cwd":"D:\\TodoList\\my-app\\functions","node_version":"14.5.0"} {"metadata":{"emulator":{"name":"functions"},"message":"[runtime-status] [15900] Functions runtime initialized. {\"cwd\":\"D:\\\\TodoList\\\\my-app\\\\functions\",\"node_version\":\"14.5.0\"}"}}
[debug] [2021-03-09T06:15:22.405Z] [runtime-status] [15900] Disabled runtime features: undefined {"metadata":{"emulator":{"name":"functions"},"message":"[runtime-status] [15900] Disabled runtime features: undefined"}}
[debug] [2021-03-09T06:15:22.409Z] [runtime-status] [15900] Resolved module firebase-admin {"declared":true,"installed":true,"version":"9.5.0","resolution":"D:\\TodoList\\my-app\\functions\\node_modules\\firebase-admin\\lib\\index.js"} {"metadata":{"emulator":{"name":"functions"},"message":"[runtime-status] [15900] Resolved module firebase-admin {\"declared\":true,\"installed\":true,\"version\":\"9.5.0\",\"resolution\":\"D:\\\\TodoList\\\\my-app\\\\functions\\\\node_modules\\\\firebase-admin\\\\lib\\\\index.js\"}"}}
[debug] [2021-03-09T06:15:22.412Z] [runtime-status] [15900] Resolved module firebase-functions {"declared":true,"installed":true,"version":"3.13.2","resolution":"D:\\TodoList\\my-app\\functions\\node_modules\\firebase-functions\\lib\\index.js"} {"metadata":{"emulator":{"name":"functions"},"message":"[runtime-status] [15900] Resolved module firebase-functions {\"declared\":true,\"installed\":true,\"version\":\"3.13.2\",\"resolution\":\"D:\\\\TodoList\\\\my-app\\\\functions\\\\node_modules\\\\firebase-functions\\\\lib\\\\index.js\"}"}}
[debug] [2021-03-09T06:15:22.415Z] [runtime-status] [15900] Resolved module firebase-functions {"declared":true,"installed":true,"version":"3.13.2","resolution":"D:\\TodoList\\my-app\\functions\\node_modules\\firebase-functions\\lib\\index.js"} {"metadata":{"emulator":{"name":"functions"},"message":"[runtime-status] [15900] Resolved module firebase-functions {\"declared\":true,\"installed\":true,\"version\":\"3.13.2\",\"resolution\":\"D:\\\\TodoList\\\\my-app\\\\functions\\\\node_modules\\\\firebase-functions\\\\lib\\\\index.js\"}"}}
[debug] [2021-03-09T06:15:22.416Z] [runtime-status] [15900] Outgoing network have been stubbed. [{"name":"http","status":"mocked"},{"name":"http","status":"mocked"},{"name":"https","status":"mocked"},{"name":"https","status":"mocked"},{"name":"net","status":"mocked"}] {"metadata":{"emulator":{"name":"functions"},"message":"[runtime-status] [15900] Outgoing network have been stubbed. [{\"name\":\"http\",\"status\":\"mocked\"},{\"name\":\"http\",\"status\":\"mocked\"},{\"name\":\"https\",\"status\":\"mocked\"},{\"name\":\"https\",\"status\":\"mocked\"},{\"name\":\"net\",\"status\":\"mocked\"}]"}}
[debug] [2021-03-09T06:15:22.417Z] [runtime-status] [15900] Resolved module firebase-functions {"declared":true,"installed":true,"version":"3.13.2","resolution":"D:\\TodoList\\my-app\\functions\\node_modules\\firebase-functions\\lib\\index.js"} {"metadata":{"emulator":{"name":"functions"},"message":"[runtime-status] [15900] Resolved module firebase-functions {\"declared\":true,\"installed\":true,\"version\":\"3.13.2\",\"resolution\":\"D:\\\\TodoList\\\\my-app\\\\functions\\\\node_modules\\\\firebase-functions\\\\lib\\\\index.js\"}"}}
[debug] [2021-03-09T06:15:25.005Z] [runtime-status] [15900] Checked functions.config() {"config":{}} {"metadata":{"emulator":{"name":"functions"},"message":"[runtime-status] [15900] Checked functions.config() {\"config\":{}}"}}
[debug] [2021-03-09T06:15:25.007Z] [runtime-status] [15900] firebase-functions has been stubbed. {"functionsResolution":{"declared":true,"installed":true,"version":"3.13.2","resolution":"D:\\TodoList\\my-app\\functions\\node_modules\\firebase-functions\\lib\\index.js"}} {"metadata":{"emulator":{"name":"functions"},"message":"[runtime-status] [15900] firebase-functions has been stubbed. {\"functionsResolution\":{\"declared\":true,\"installed\":true,\"version\":\"3.13.2\",\"resolution\":\"D:\\\\TodoList\\\\my-app\\\\functions\\\\node_modules\\\\firebase-functions\\\\lib\\\\index.js\"}}"}}
[debug] [2021-03-09T06:15:25.010Z] [runtime-status] [15900] Resolved module firebase-functions {"declared":true,"installed":true,"version":"3.13.2","resolution":"D:\\TodoList\\my-app\\functions\\node_modules\\firebase-functions\\lib\\index.js"} {"metadata":{"emulator":{"name":"functions"},"message":"[runtime-status] [15900] Resolved module firebase-functions {\"declared\":true,\"installed\":true,\"version\":\"3.13.2\",\"resolution\":\"D:\\\\TodoList\\\\my-app\\\\functions\\\\node_modules\\\\firebase-functions\\\\lib\\\\index.js\"}"}}
[debug] [2021-03-09T06:15:25.015Z] [runtime-status] [15900] Resolved module firebase-admin {"declared":true,"installed":true,"version":"9.5.0","resolution":"D:\\TodoList\\my-app\\functions\\node_modules\\firebase-admin\\lib\\index.js"} {"metadata":{"emulator":{"name":"functions"},"message":"[runtime-status] [15900] Resolved module firebase-admin {\"declared\":true,\"installed\":true,\"version\":\"9.5.0\",\"resolution\":\"D:\\\\TodoList\\\\my-app\\\\functions\\\\node_modules\\\\firebase-admin\\\\lib\\\\index.js\"}"}}
[debug] [2021-03-09T06:15:25.017Z] [runtime-status] [15900] Resolved module firebase-functions {"declared":true,"installed":true,"version":"3.13.2","resolution":"D:\\TodoList\\my-app\\functions\\node_modules\\firebase-functions\\lib\\index.js"} {"metadata":{"emulator":{"name":"functions"},"message":"[runtime-status] [15900] Resolved module firebase-functions {\"declared\":true,\"installed\":true,\"version\":\"3.13.2\",\"resolution\":\"D:\\\\TodoList\\\\my-app\\\\functions\\\\node_modules\\\\firebase-functions\\\\lib\\\\index.js\"}"}}
[debug] [2021-03-09T06:15:25.018Z] [runtime-status] [15900] firebase-admin has been stubbed. {"adminResolution":{"declared":true,"installed":true,"version":"9.5.0","resolution":"D:\\TodoList\\my-app\\functions\\node_modules\\firebase-admin\\lib\\index.js"}} {"metadata":{"emulator":{"name":"functions"},"message":"[runtime-status] [15900] firebase-admin has been stubbed. {\"adminResolution\":{\"declared\":true,\"installed\":true,\"version\":\"9.5.0\",\"resolution\":\"D:\\\\TodoList\\\\my-app\\\\functions\\\\node_modules\\\\firebase-admin\\\\lib\\\\index.js\"}}"}}
[info] +  functions[helloWorld]: http function initialized (http://localhost:5000/todoapp-d3265/us-central1/helloWorld). {"metadata":{"emulator":{"name":"functions"},"message":"\u001b[1mhttp\u001b[22m function initialized (http://localhost:5000/todoapp-d3265/us-central1/helloWorld)."}}
[debug] [2021-03-09T06:15:25.083Z] [worker-~diagnostic~-a5cdbfc9-9e20-491b-9e79-c9dab4d20222]: IDLE {"metadata":{"emulator":{"name":"functions"},"message":"[worker-~diagnostic~-a5cdbfc9-9e20-491b-9e79-c9dab4d20222]: IDLE"}}
[debug] [2021-03-09T06:22:44.174Z] [work-queue] {"queueLength":1,"workRunningCount":0}
[debug] [2021-03-09T06:22:44.176Z] [work-queue] {"queueLength":0,"workRunningCount":1}
[debug] [2021-03-09T06:22:44.177Z] Accepted request GET /todoapp-d3265/us-central1/helloWorld --> helloWorld
[debug] [2021-03-09T06:22:44.225Z] [worker-pool] addWorker(helloWorld) {"metadata":{"emulator":{"name":"functions"},"message":"[worker-pool] addWorker(helloWorld)"}}
[debug] [2021-03-09T06:22:44.225Z] [worker-pool] Adding worker with key helloWorld, total=1 {"metadata":{"emulator":{"name":"functions"},"message":"[worker-pool] Adding worker with key helloWorld, total=1"}}
[debug] [2021-03-09T06:22:44.225Z] [worker-pool] submitWork(triggerId=helloWorld) {"metadata":{"emulator":{"name":"functions"},"message":"[worker-pool] submitWork(triggerId=helloWorld)"}}
[debug] [2021-03-09T06:22:44.226Z] [worker-helloWorld-f55cea17-c4c1-4799-bae9-4e8958ae234a]: Assigning socketPath: \\?\pipe\D:\TodoList\my-app\functions\14776 {"metadata":{"emulator":{"name":"functions"},"message":"[worker-helloWorld-f55cea17-c4c1-4799-bae9-4e8958ae234a]: Assigning socketPath: \\\\?\\pipe\\D:\\TodoList\\my-app\\functions\\14776"}}
[debug] [2021-03-09T06:22:44.226Z] [worker-helloWorld-f55cea17-c4c1-4799-bae9-4e8958ae234a]: BUSY {"metadata":{"emulator":{"name":"functions"},"message":"[worker-helloWorld-f55cea17-c4c1-4799-bae9-4e8958ae234a]: BUSY"}}
[debug] [2021-03-09T06:22:44.748Z] [runtime-status] [14776] Functions runtime initialized. {"cwd":"D:\\TodoList\\my-app\\functions","node_version":"14.5.0"} {"metadata":{"emulator":{"name":"functions"},"function":{"name":"helloWorld"},"message":"[runtime-status] [14776] Functions runtime initialized. {\"cwd\":\"D:\\\\TodoList\\\\my-app\\\\functions\",\"node_version\":\"14.5.0\"}"}}
[debug] [2021-03-09T06:22:44.749Z] [runtime-status] [14776] Disabled runtime features: undefined {"metadata":{"emulator":{"name":"functions"},"function":{"name":"helloWorld"},"message":"[runtime-status] [14776] Disabled runtime features: undefined"}}
[debug] [2021-03-09T06:22:44.754Z] [runtime-status] [14776] Resolved module firebase-admin {"declared":true,"installed":true,"version":"9.5.0","resolution":"D:\\TodoList\\my-app\\functions\\node_modules\\firebase-admin\\lib\\index.js"} {"metadata":{"emulator":{"name":"functions"},"function":{"name":"helloWorld"},"message":"[runtime-status] [14776] Resolved module firebase-admin {\"declared\":true,\"installed\":true,\"version\":\"9.5.0\",\"resolution\":\"D:\\\\TodoList\\\\my-app\\\\functions\\\\node_modules\\\\firebase-admin\\\\lib\\\\index.js\"}"}}
[debug] [2021-03-09T06:22:44.757Z] [runtime-status] [14776] Resolved module firebase-functions {"declared":true,"installed":true,"version":"3.13.2","resolution":"D:\\TodoList\\my-app\\functions\\node_modules\\firebase-functions\\lib\\index.js"} {"metadata":{"emulator":{"name":"functions"},"function":{"name":"helloWorld"},"message":"[runtime-status] [14776] Resolved module firebase-functions {\"declared\":true,\"installed\":true,\"version\":\"3.13.2\",\"resolution\":\"D:\\\\TodoList\\\\my-app\\\\functions\\\\node_modules\\\\firebase-functions\\\\lib\\\\index.js\"}"}}
[debug] [2021-03-09T06:22:44.760Z] [runtime-status] [14776] Resolved module firebase-functions {"declared":true,"installed":true,"version":"3.13.2","resolution":"D:\\TodoList\\my-app\\functions\\node_modules\\firebase-functions\\lib\\index.js"} {"metadata":{"emulator":{"name":"functions"},"function":{"name":"helloWorld"},"message":"[runtime-status] [14776] Resolved module firebase-functions {\"declared\":true,\"installed\":true,\"version\":\"3.13.2\",\"resolution\":\"D:\\\\TodoList\\\\my-app\\\\functions\\\\node_modules\\\\firebase-functions\\\\lib\\\\index.js\"}"}}
[debug] [2021-03-09T06:22:44.762Z] [runtime-status] [14776] Outgoing network have been stubbed. [{"name":"http","status":"mocked"},{"name":"http","status":"mocked"},{"name":"https","status":"mocked"},{"name":"https","status":"mocked"},{"name":"net","status":"mocked"}] {"metadata":{"emulator":{"name":"functions"},"function":{"name":"helloWorld"},"message":"[runtime-status] [14776] Outgoing network have been stubbed. [{\"name\":\"http\",\"status\":\"mocked\"},{\"name\":\"http\",\"status\":\"mocked\"},{\"name\":\"https\",\"status\":\"mocked\"},{\"name\":\"https\",\"status\":\"mocked\"},{\"name\":\"net\",\"status\":\"mocked\"}]"}}
[debug] [2021-03-09T06:22:44.763Z] [runtime-status] [14776] Resolved module firebase-functions {"declared":true,"installed":true,"version":"3.13.2","resolution":"D:\\TodoList\\my-app\\functions\\node_modules\\firebase-functions\\lib\\index.js"} {"metadata":{"emulator":{"name":"functions"},"function":{"name":"helloWorld"},"message":"[runtime-status] [14776] Resolved module firebase-functions {\"declared\":true,\"installed\":true,\"version\":\"3.13.2\",\"resolution\":\"D:\\\\TodoList\\\\my-app\\\\functions\\\\node_modules\\\\firebase-functions\\\\lib\\\\index.js\"}"}}
[debug] [2021-03-09T06:22:44.847Z] [runtime-status] [14776] Checked functions.config() {"config":{}} {"metadata":{"emulator":{"name":"functions"},"function":{"name":"helloWorld"},"message":"[runtime-status] [14776] Checked functions.config() {\"config\":{}}"}}
[debug] [2021-03-09T06:22:44.847Z] [runtime-status] [14776] firebase-functions has been stubbed. {"functionsResolution":{"declared":true,"installed":true,"version":"3.13.2","resolution":"D:\\TodoList\\my-app\\functions\\node_modules\\firebase-functions\\lib\\index.js"}} {"metadata":{"emulator":{"name":"functions"},"function":{"name":"helloWorld"},"message":"[runtime-status] [14776] firebase-functions has been stubbed. {\"functionsResolution\":{\"declared\":true,\"installed\":true,\"version\":\"3.13.2\",\"resolution\":\"D:\\\\TodoList\\\\my-app\\\\functions\\\\node_modules\\\\firebase-functions\\\\lib\\\\index.js\"}}"}}
[debug] [2021-03-09T06:22:44.848Z] [runtime-status] [14776] Resolved module firebase-functions {"declared":true,"installed":true,"version":"3.13.2","resolution":"D:\\TodoList\\my-app\\functions\\node_modules\\firebase-functions\\lib\\index.js"} {"metadata":{"emulator":{"name":"functions"},"function":{"name":"helloWorld"},"message":"[runtime-status] [14776] Resolved module firebase-functions {\"declared\":true,\"installed\":true,\"version\":\"3.13.2\",\"resolution\":\"D:\\\\TodoList\\\\my-app\\\\functions\\\\node_modules\\\\firebase-functions\\\\lib\\\\index.js\"}"}}
[debug] [2021-03-09T06:22:44.851Z] [runtime-status] [14776] Resolved module firebase-admin {"declared":true,"installed":true,"version":"9.5.0","resolution":"D:\\TodoList\\my-app\\functions\\node_modules\\firebase-admin\\lib\\index.js"} {"metadata":{"emulator":{"name":"functions"},"function":{"name":"helloWorld"},"message":"[runtime-status] [14776] Resolved module firebase-admin {\"declared\":true,\"installed\":true,\"version\":\"9.5.0\",\"resolution\":\"D:\\\\TodoList\\\\my-app\\\\functions\\\\node_modules\\\\firebase-admin\\\\lib\\\\index.js\"}"}}
[debug] [2021-03-09T06:22:44.852Z] [runtime-status] [14776] Resolved module firebase-functions {"declared":true,"installed":true,"version":"3.13.2","resolution":"D:\\TodoList\\my-app\\functions\\node_modules\\firebase-functions\\lib\\index.js"} {"metadata":{"emulator":{"name":"functions"},"function":{"name":"helloWorld"},"message":"[runtime-status] [14776] Resolved module firebase-functions {\"declared\":true,\"installed\":true,\"version\":\"3.13.2\",\"resolution\":\"D:\\\\TodoList\\\\my-app\\\\functions\\\\node_modules\\\\firebase-functions\\\\lib\\\\index.js\"}"}}
[debug] [2021-03-09T06:22:44.852Z] [runtime-status] [14776] firebase-admin has been stubbed. {"adminResolution":{"declared":true,"installed":true,"version":"9.5.0","resolution":"D:\\TodoList\\my-app\\functions\\node_modules\\firebase-admin\\lib\\index.js"}} {"metadata":{"emulator":{"name":"functions"},"function":{"name":"helloWorld"},"message":"[runtime-status] [14776] firebase-admin has been stubbed. {\"adminResolution\":{\"declared\":true,\"installed\":true,\"version\":\"9.5.0\",\"resolution\":\"D:\\\\TodoList\\\\my-app\\\\functions\\\\node_modules\\\\firebase-admin\\\\lib\\\\index.js\"}}"}}
[debug] [2021-03-09T06:22:44.858Z] [runtime-status] [14776] Trigger "helloWorld" has been found, beginning invocation! {"metadata":{"emulator":{"name":"functions"},"function":{"name":"helloWorld"},"message":"[runtime-status] [14776] Trigger \"helloWorld\" has been found, beginning invocation!"}}
[info] i  functions: Beginning execution of "helloWorld" {"metadata":{"emulator":{"name":"functions"},"function":{"name":"helloWorld"},"message":"Beginning execution of \"helloWorld\""}}
[debug] [2021-03-09T06:22:44.860Z] [runtime-status] [14776] triggerDefinition {"httpsTrigger":{},"name":"helloWorld","entryPoint":"helloWorld"} {"metadata":{"emulator":{"name":"functions"},"function":{"name":"helloWorld"},"message":"[runtime-status] [14776] triggerDefinition {\"httpsTrigger\":{},\"name\":\"helloWorld\",\"entryPoint\":\"helloWorld\"}"}}
[debug] [2021-03-09T06:22:44.860Z] [runtime-status] [14776] Running helloWorld in mode HTTPS {"metadata":{"emulator":{"name":"functions"},"function":{"name":"helloWorld"},"message":"[runtime-status] [14776] Running helloWorld in mode HTTPS"}}
[debug] [2021-03-09T06:22:44.865Z] [runtime-status] [14776] Attempting to listen to socketPath: \\?\pipe\D:\TodoList\my-app\functions\14776 {"metadata":{"emulator":{"name":"functions"},"function":{"name":"helloWorld"},"message":"[runtime-status] [14776] Attempting to listen to socketPath: \\\\?\\pipe\\D:\\TodoList\\my-app\\functions\\14776"}}
[debug] [2021-03-09T06:22:44.874Z] [functions] Runtime ready! Sending request! {"metadata":{"emulator":{"name":"functions"},"message":"[functions] Runtime ready! Sending request!"}}
[debug] [2021-03-09T06:22:44.875Z] [functions] Got req.url=/todoapp-d3265/us-central1/helloWorld, mapping to path=/ {"metadata":{"emulator":{"name":"functions"},"message":"[functions] Got req.url=/todoapp-d3265/us-central1/helloWorld, mapping to path=/"}}
[debug] [2021-03-09T06:22:44.882Z] [runtime-status] [14776] Ephemeral server handling GET request {"metadata":{"emulator":{"name":"functions"},"function":{"name":"helloWorld"},"message":"[runtime-status] [14776] Ephemeral server handling GET request"}}
[debug] [2021-03-09T06:22:44.893Z] [runtime-status] [14776] Ephemeral server survived. {"metadata":{"emulator":{"name":"functions"},"function":{"name":"helloWorld"},"message":"[runtime-status] [14776] Ephemeral server survived."}}
[info] i  functions: Finished "helloWorld" in ~1s {"metadata":{"emulator":{"name":"functions"},"function":{"name":"helloWorld"},"message":"Finished \"helloWorld\" in ~1s"}}
[debug] [2021-03-09T06:22:44.897Z] [worker-helloWorld-f55cea17-c4c1-4799-bae9-4e8958ae234a]: IDLE {"metadata":{"emulator":{"name":"functions"},"message":"[worker-helloWorld-f55cea17-c4c1-4799-bae9-4e8958ae234a]: IDLE"}}
[debug] [2021-03-09T06:22:44.898Z] [work-queue] {"queueLength":0,"workRunningCount":0}
[debug] [2021-03-09T06:22:45.284Z] Functions emulator received unknown request at path /favicon.ico
[debug] [2021-03-09T06:26:44.041Z] File D:\TodoList\my-app\functions\index.js changed, reloading triggers {"metadata":{"emulator":{"name":"functions"},"message":"File D:\\TodoList\\my-app\\functions\\index.js changed, reloading triggers"}}
[debug] [2021-03-09T06:26:45.048Z] [worker-pool] Shutting down IDLE worker (~diagnostic~) {"metadata":{"emulator":{"name":"functions"},"message":"[worker-pool] Shutting down IDLE worker (~diagnostic~)"}}
[debug] [2021-03-09T06:26:45.049Z] [worker-~diagnostic~-a5cdbfc9-9e20-491b-9e79-c9dab4d20222]: FINISHING {"metadata":{"emulator":{"name":"functions"},"message":"[worker-~diagnostic~-a5cdbfc9-9e20-491b-9e79-c9dab4d20222]: FINISHING"}}
[debug] [2021-03-09T06:26:45.052Z] [worker-pool] Shutting down IDLE worker (helloWorld) {"metadata":{"emulator":{"name":"functions"},"message":"[worker-pool] Shutting down IDLE worker (helloWorld)"}}
[debug] [2021-03-09T06:26:45.053Z] [worker-helloWorld-f55cea17-c4c1-4799-bae9-4e8958ae234a]: FINISHING {"metadata":{"emulator":{"name":"functions"},"message":"[worker-helloWorld-f55cea17-c4c1-4799-bae9-4e8958ae234a]: FINISHING"}}
[debug] [2021-03-09T06:26:45.101Z] [worker-pool] addWorker(~diagnostic~) {"metadata":{"emulator":{"name":"functions"},"message":"[worker-pool] addWorker(~diagnostic~)"}}
[debug] [2021-03-09T06:26:45.101Z] [worker-pool] Adding worker with key ~diagnostic~, total=2 {"metadata":{"emulator":{"name":"functions"},"message":"[worker-pool] Adding worker with key ~diagnostic~, total=2"}}
[debug] [2021-03-09T06:26:45.101Z] [worker-pool] submitWork(triggerId=) {"metadata":{"emulator":{"name":"functions"},"message":"[worker-pool] submitWork(triggerId=)"}}
[debug] [2021-03-09T06:26:45.101Z] [worker-~diagnostic~-d10caf39-4d06-49ad-8cd0-2a58282bb295]: Assigning socketPath: \\?\pipe\D:\TodoList\my-app\functions\17160 {"metadata":{"emulator":{"name":"functions"},"message":"[worker-~diagnostic~-d10caf39-4d06-49ad-8cd0-2a58282bb295]: Assigning socketPath: \\\\?\\pipe\\D:\\TodoList\\my-app\\functions\\17160"}}
[debug] [2021-03-09T06:26:45.101Z] [worker-~diagnostic~-d10caf39-4d06-49ad-8cd0-2a58282bb295]: BUSY {"metadata":{"emulator":{"name":"functions"},"message":"[worker-~diagnostic~-d10caf39-4d06-49ad-8cd0-2a58282bb295]: BUSY"}}
[debug] [2021-03-09T06:26:45.104Z] [worker-~diagnostic~-a5cdbfc9-9e20-491b-9e79-c9dab4d20222]: exited {"metadata":{"emulator":{"name":"functions"},"message":"[worker-~diagnostic~-a5cdbfc9-9e20-491b-9e79-c9dab4d20222]: exited"}}
[debug] [2021-03-09T06:26:45.104Z] [worker-~diagnostic~-a5cdbfc9-9e20-491b-9e79-c9dab4d20222]: FINISHED {"metadata":{"emulator":{"name":"functions"},"message":"[worker-~diagnostic~-a5cdbfc9-9e20-491b-9e79-c9dab4d20222]: FINISHED"}}
[debug] [2021-03-09T06:26:45.104Z] [worker-helloWorld-f55cea17-c4c1-4799-bae9-4e8958ae234a]: exited {"metadata":{"emulator":{"name":"functions"},"message":"[worker-helloWorld-f55cea17-c4c1-4799-bae9-4e8958ae234a]: exited"}}
[debug] [2021-03-09T06:26:45.105Z] [worker-helloWorld-f55cea17-c4c1-4799-bae9-4e8958ae234a]: FINISHED {"metadata":{"emulator":{"name":"functions"},"message":"[worker-helloWorld-f55cea17-c4c1-4799-bae9-4e8958ae234a]: FINISHED"}}
[debug] [2021-03-09T06:26:45.381Z] [runtime-status] [17160] Functions runtime initialized. {"cwd":"D:\\TodoList\\my-app\\functions","node_version":"14.5.0"} {"metadata":{"emulator":{"name":"functions"},"message":"[runtime-status] [17160] Functions runtime initialized. {\"cwd\":\"D:\\\\TodoList\\\\my-app\\\\functions\",\"node_version\":\"14.5.0\"}"}}
[debug] [2021-03-09T06:26:45.383Z] [runtime-status] [17160] Disabled runtime features: undefined {"metadata":{"emulator":{"name":"functions"},"message":"[runtime-status] [17160] Disabled runtime features: undefined"}}
[debug] [2021-03-09T06:26:45.387Z] [runtime-status] [17160] Resolved module firebase-admin {"declared":true,"installed":true,"version":"9.5.0","resolution":"D:\\TodoList\\my-app\\functions\\node_modules\\firebase-admin\\lib\\index.js"} {"metadata":{"emulator":{"name":"functions"},"message":"[runtime-status] [17160] Resolved module firebase-admin {\"declared\":true,\"installed\":true,\"version\":\"9.5.0\",\"resolution\":\"D:\\\\TodoList\\\\my-app\\\\functions\\\\node_modules\\\\firebase-admin\\\\lib\\\\index.js\"}"}}
[debug] [2021-03-09T06:26:45.390Z] [runtime-status] [17160] Resolved module firebase-functions {"declared":true,"installed":true,"version":"3.13.2","resolution":"D:\\TodoList\\my-app\\functions\\node_modules\\firebase-functions\\lib\\index.js"} {"metadata":{"emulator":{"name":"functions"},"message":"[runtime-status] [17160] Resolved module firebase-functions {\"declared\":true,\"installed\":true,\"version\":\"3.13.2\",\"resolution\":\"D:\\\\TodoList\\\\my-app\\\\functions\\\\node_modules\\\\firebase-functions\\\\lib\\\\index.js\"}"}}
[debug] [2021-03-09T06:26:45.393Z] [runtime-status] [17160] Resolved module firebase-functions {"declared":true,"installed":true,"version":"3.13.2","resolution":"D:\\TodoList\\my-app\\functions\\node_modules\\firebase-functions\\lib\\index.js"} {"metadata":{"emulator":{"name":"functions"},"message":"[runtime-status] [17160] Resolved module firebase-functions {\"declared\":true,\"installed\":true,\"version\":\"3.13.2\",\"resolution\":\"D:\\\\TodoList\\\\my-app\\\\functions\\\\node_modules\\\\firebase-functions\\\\lib\\\\index.js\"}"}}
[debug] [2021-03-09T06:26:45.394Z] [runtime-status] [17160] Outgoing network have been stubbed. [{"name":"http","status":"mocked"},{"name":"http","status":"mocked"},{"name":"https","status":"mocked"},{"name":"https","status":"mocked"},{"name":"net","status":"mocked"}] {"metadata":{"emulator":{"name":"functions"},"message":"[runtime-status] [17160] Outgoing network have been stubbed. [{\"name\":\"http\",\"status\":\"mocked\"},{\"name\":\"http\",\"status\":\"mocked\"},{\"name\":\"https\",\"status\":\"mocked\"},{\"name\":\"https\",\"status\":\"mocked\"},{\"name\":\"net\",\"status\":\"mocked\"}]"}}
[debug] [2021-03-09T06:26:45.395Z] [runtime-status] [17160] Resolved module firebase-functions {"declared":true,"installed":true,"version":"3.13.2","resolution":"D:\\TodoList\\my-app\\functions\\node_modules\\firebase-functions\\lib\\index.js"} {"metadata":{"emulator":{"name":"functions"},"message":"[runtime-status] [17160] Resolved module firebase-functions {\"declared\":true,\"installed\":true,\"version\":\"3.13.2\",\"resolution\":\"D:\\\\TodoList\\\\my-app\\\\functions\\\\node_modules\\\\firebase-functions\\\\lib\\\\index.js\"}"}}
[debug] [2021-03-09T06:26:45.466Z] [runtime-status] [17160] Checked functions.config() {"config":{}} {"metadata":{"emulator":{"name":"functions"},"message":"[runtime-status] [17160] Checked functions.config() {\"config\":{}}"}}
[debug] [2021-03-09T06:26:45.466Z] [runtime-status] [17160] firebase-functions has been stubbed. {"functionsResolution":{"declared":true,"installed":true,"version":"3.13.2","resolution":"D:\\TodoList\\my-app\\functions\\node_modules\\firebase-functions\\lib\\index.js"}} {"metadata":{"emulator":{"name":"functions"},"message":"[runtime-status] [17160] firebase-functions has been stubbed. {\"functionsResolution\":{\"declared\":true,\"installed\":true,\"version\":\"3.13.2\",\"resolution\":\"D:\\\\TodoList\\\\my-app\\\\functions\\\\node_modules\\\\firebase-functions\\\\lib\\\\index.js\"}}"}}
[debug] [2021-03-09T06:26:45.467Z] [runtime-status] [17160] Resolved module firebase-functions {"declared":true,"installed":true,"version":"3.13.2","resolution":"D:\\TodoList\\my-app\\functions\\node_modules\\firebase-functions\\lib\\index.js"} {"metadata":{"emulator":{"name":"functions"},"message":"[runtime-status] [17160] Resolved module firebase-functions {\"declared\":true,\"installed\":true,\"version\":\"3.13.2\",\"resolution\":\"D:\\\\TodoList\\\\my-app\\\\functions\\\\node_modules\\\\firebase-functions\\\\lib\\\\index.js\"}"}}
[debug] [2021-03-09T06:26:45.468Z] [runtime-status] [17160] Resolved module firebase-admin {"declared":true,"installed":true,"version":"9.5.0","resolution":"D:\\TodoList\\my-app\\functions\\node_modules\\firebase-admin\\lib\\index.js"} {"metadata":{"emulator":{"name":"functions"},"message":"[runtime-status] [17160] Resolved module firebase-admin {\"declared\":true,\"installed\":true,\"version\":\"9.5.0\",\"resolution\":\"D:\\\\TodoList\\\\my-app\\\\functions\\\\node_modules\\\\firebase-admin\\\\lib\\\\index.js\"}"}}
[debug] [2021-03-09T06:26:45.469Z] [runtime-status] [17160] Resolved module firebase-functions {"declared":true,"installed":true,"version":"3.13.2","resolution":"D:\\TodoList\\my-app\\functions\\node_modules\\firebase-functions\\lib\\index.js"} {"metadata":{"emulator":{"name":"functions"},"message":"[runtime-status] [17160] Resolved module firebase-functions {\"declared\":true,\"installed\":true,\"version\":\"3.13.2\",\"resolution\":\"D:\\\\TodoList\\\\my-app\\\\functions\\\\node_modules\\\\firebase-functions\\\\lib\\\\index.js\"}"}}
[debug] [2021-03-09T06:26:45.469Z] [runtime-status] [17160] firebase-admin has been stubbed. {"adminResolution":{"declared":true,"installed":true,"version":"9.5.0","resolution":"D:\\TodoList\\my-app\\functions\\node_modules\\firebase-admin\\lib\\index.js"}} {"metadata":{"emulator":{"name":"functions"},"message":"[runtime-status] [17160] firebase-admin has been stubbed. {\"adminResolution\":{\"declared\":true,\"installed\":true,\"version\":\"9.5.0\",\"resolution\":\"D:\\\\TodoList\\\\my-app\\\\functions\\\\node_modules\\\\firebase-admin\\\\lib\\\\index.js\"}}"}}
[warn] !  Error: Cannot find module './APIs/todos'
Require stack:
- D:\TodoList\my-app\functions\index.js
- C:\Users\dell\AppData\Roaming\npm\node_modules\firebase-tools\lib\emulator\functionsEmulatorRuntime.js
    at Function.Module._resolveFilename (internal/modules/cjs/loader.js:1030:15)
    at Function.Module._load (internal/modules/cjs/loader.js:899:27)
    at Module.require (internal/modules/cjs/loader.js:1090:19)
    at require (internal/modules/cjs/helpers.js:75:18)
    at Object.<anonymous> (D:\TodoList\my-app\functions\index.js:6:5)
    at Module._compile (internal/modules/cjs/loader.js:1201:30)
    at Object.Module._extensions..js (internal/modules/cjs/loader.js:1221:10)
    at Module.load (internal/modules/cjs/loader.js:1050:32)
    at Function.Module._load (internal/modules/cjs/loader.js:938:14)
    at Module.require (internal/modules/cjs/loader.js:1090:19) {"metadata":{"emulator":{"name":"functions"},"message":"Error: Cannot find module './APIs/todos'\nRequire stack:\n- D:\\TodoList\\my-app\\functions\\index.js\n- C:\\Users\\dell\\AppData\\Roaming\\npm\\node_modules\\firebase-tools\\lib\\emulator\\functionsEmulatorRuntime.js\n    at Function.Module._resolveFilename (internal/modules/cjs/loader.js:1030:15)\n    at Function.Module._load (internal/modules/cjs/loader.js:899:27)\n    at Module.require (internal/modules/cjs/loader.js:1090:19)\n    at require (internal/modules/cjs/helpers.js:75:18)\n    at Object.<anonymous> (D:\\TodoList\\my-app\\functions\\index.js:6:5)\n    at Module._compile (internal/modules/cjs/loader.js:1201:30)\n    at Object.Module._extensions..js (internal/modules/cjs/loader.js:1221:10)\n    at Module.load (internal/modules/cjs/loader.js:1050:32)\n    at Function.Module._load (internal/modules/cjs/loader.js:938:14)\n    at Module.require (internal/modules/cjs/loader.js:1090:19)"}}
[warn] !  We were unable to load your functions code. (see above) {"metadata":{"emulator":{"name":"functions"}}}
[debug] [2021-03-09T06:26:49.830Z] [worker-~diagnostic~-d10caf39-4d06-49ad-8cd0-2a58282bb295]: exited {"metadata":{"emulator":{"name":"functions"},"message":"[worker-~diagnostic~-d10caf39-4d06-49ad-8cd0-2a58282bb295]: exited"}}
[debug] [2021-03-09T06:26:49.830Z] [worker-~diagnostic~-d10caf39-4d06-49ad-8cd0-2a58282bb295]: FINISHED {"metadata":{"emulator":{"name":"functions"},"message":"[worker-~diagnostic~-d10caf39-4d06-49ad-8cd0-2a58282bb295]: FINISHED"}}
